| 2014-06-10 21:54:27 -------------------------------------------------------------
|
| Error: SQLSTATE[42000] [1049] Unknown database 'te'
|
| ---------------------------------------------------------------------------------

| 2014-06-21 17:13:57 -------------------------------------------------------------
|
| Error: SQLSTATE[42000] [1049] Unknown database 'teste'
|
| ---------------------------------------------------------------------------------

| 2014-06-21 17:14:00 -------------------------------------------------------------
|
| Error: SQLSTATE[42000] [1049] Unknown database 'teste'
|
| ---------------------------------------------------------------------------------

| 2014-06-21 17:14:03 -------------------------------------------------------------
|
| Error: SQLSTATE[42000] [1049] Unknown database 'teste'
|
| ---------------------------------------------------------------------------------

| 2014-06-21 18:24:26 -------------------------------------------------------------
|
| Error: SQLSTATE[42000] [1049] Unknown database 'teste'
|
| ---------------------------------------------------------------------------------

| 2014-06-21 18:24:30 -------------------------------------------------------------
|
| Error: SQLSTATE[42000] [1049] Unknown database 'teste'
|
| ---------------------------------------------------------------------------------

| 2014-06-21 18:24:58 -------------------------------------------------------------
|
| Error: SQLSTATE[42000] [1049] Unknown database 'teste'
|
| ---------------------------------------------------------------------------------

| 2014-06-21 18:26:11 -------------------------------------------------------------
|
| Error: SQLSTATE[42000] [1049] Unknown database 'teste'
|
| ---------------------------------------------------------------------------------

| 2014-06-21 18:29:35 -------------------------------------------------------------
|
| Error: SQLSTATE[42000] [1049] Unknown database 'teste'
|
| ---------------------------------------------------------------------------------

| 2014-06-21 18:29:56 -------------------------------------------------------------
|
| Error: SQLSTATE[42000] [1049] Unknown database 'teste'
|
| ---------------------------------------------------------------------------------

| 2014-06-21 20:14:43 -------------------------------------------------------------
|
| Error: SQLSTATE[42000] [1049] Unknown database 'teste'
|
| ---------------------------------------------------------------------------------

